<xml>
    <appId>wxcb461e8bf3b09d76</appId>
    <secret>7ce83128e7c543706221e4c8d5c23abb</secret>
    <token>bbdf3a644c75dac35eed548321ede279</token>
</xml>

