<xml>
    <appId>wxf3f0e61064908e18</appId>
    <secret>d4624c36b6795d1d99dcf0547af5443d</secret>
    <token>f4571270ea9d4cd5f0bc13d0ba5bbf51</token>
</xml>

